--- Performance Metrics ---
Pipeline fitting duration: 3.29 seconds
Data transformation duration: 1.71 seconds
Actual vocabulary size (after preprocessing): 31355 unique terms
HashingTF numFeatures set to: 20000
Note: numFeatures (20000) is smaller than actual vocabulary size (31355). Hash collisions are expected.
Metrics file generated at: D:\Study\NLP\Lab2\.\log\lab17_metrics.log

For detailed stage-level metrics, view the Spark UI at http://localhost:4040 during execution.
--- Performance Metrics ---
Pipeline fitting duration: 3.94 seconds
Data transformation duration: 1.89 seconds
Actual vocabulary size (after preprocessing): 46838 unique terms
HashingTF numFeatures set to: 1000
Note: numFeatures (1000) is smaller than actual vocabulary size (46838). Hash collisions are expected.
Metrics file generated at: D:\Study\NLP\Lab2\.\log\lab17_metrics.log

For detailed stage-level metrics, view the Spark UI at http://localhost:4040 during execution.
--- Performance Metrics ---
Pipeline fitting duration: 4.52 seconds
Data transformation duration: 2.07 seconds
Actual vocabulary size (after preprocessing): 46838 unique terms
HashingTF numFeatures set to: 1000
Note: numFeatures (1000) is smaller than actual vocabulary size (46838). Hash collisions are expected.
Metrics file generated at: D:\Study\NLP\Lab2\.\log\lab17_metrics.log

For detailed stage-level metrics, view the Spark UI at http://localhost:4040 during execution.
--- Performance Metrics ---
Pipeline fitting duration: 3.40 seconds
Data transformation duration: 1.95 seconds
Actual vocabulary size (after preprocessing): 31355 unique terms
HashingTF numFeatures set to: 20000
Note: numFeatures (20000) is smaller than actual vocabulary size (31355). Hash collisions are expected.
Metrics file generated at: D:\Study\NLP\Lab2\.\log\lab17_metrics.log

For detailed stage-level metrics, view the Spark UI at http://localhost:4040 during execution.
